INFO:cooler.cli.csort:Enumerating requested chromosomes...
INFO:cooler.cli.csort:chr1	1
INFO:cooler.cli.csort:chr2	2
INFO:cooler.cli.csort:chr3	3
INFO:cooler.cli.csort:chr4	4
INFO:cooler.cli.csort:chr5	5
INFO:cooler.cli.csort:chr6	6
INFO:cooler.cli.csort:chr7	7
INFO:cooler.cli.csort:chr8	8
INFO:cooler.cli.csort:chr9	9
INFO:cooler.cli.csort:chr10	10
INFO:cooler.cli.csort:chr11	11
INFO:cooler.cli.csort:chr12	12
INFO:cooler.cli.csort:chr13	13
INFO:cooler.cli.csort:chr14	14
INFO:cooler.cli.csort:chr15	15
INFO:cooler.cli.csort:chr16	16
INFO:cooler.cli.csort:chr17	17
INFO:cooler.cli.csort:chr18	18
INFO:cooler.cli.csort:chr19	19
INFO:cooler.cli.csort:chr20	20
INFO:cooler.cli.csort:chr21	21
INFO:cooler.cli.csort:chr22	22
INFO:cooler.cli.csort:chrX	23
INFO:cooler.cli.csort:chrY	24
INFO:cooler.cli.csort:chrM	25
INFO:cooler.cli.csort:Input: 'test1.valid.pairs'
INFO:cooler.cli.csort:Output: 'test1.pairs.gz'
INFO:cooler.cli.csort:Reordering pair mates and sorting pair records...
INFO:cooler.cli.csort:Sort order: block (chrom1, chrom2, pos1, pos2)
INFO:cooler.cli.csort:sort -k2,2 -k4,4 -k3,3n -k5,5n --parallel=8 --buffer-size=50%
INFO:cooler.cli.csort:Indexing...
INFO:cooler.cli.csort:Indexer: pairix
INFO:cooler.cli.csort:pairix -f -s2 -d4 -b3 -e3 -u5 -v5 test1.pairs.gz
