INFO:cooler.cli.zoomify:Recursively aggregating "test1.cool"
INFO:cooler.cli.zoomify:Writing to "test1.balance.mcool"
INFO:cooler.reduce:Copying base matrices and producing 5 new zoom levels.
INFO:cooler.reduce:Bin size: 5000
INFO:cooler.reduce:Aggregating from 5000 to 10000.
WARNING:py.warnings:/public/home/luzhang/miniconda3/lib/python3.8/site-packages/cooler/util.py:733: FutureWarning: is_categorical is deprecated and will be removed in a future version.  Use is_categorical_dtype instead
  is_cat = pd.api.types.is_categorical(bins["chrom"])

INFO:cooler.create:Creating cooler at "test1.balance.mcool::/resolutions/10000"
INFO:cooler.create:Writing chroms
INFO:cooler.create:Writing bins
INFO:cooler.create:Writing pixels
INFO:cooler.reduce:0 10766
INFO:cooler.create:Writing indexes
INFO:cooler.create:Writing info
INFO:cooler.reduce:Aggregating from 5000 to 25000.
WARNING:py.warnings:/public/home/luzhang/miniconda3/lib/python3.8/site-packages/cooler/util.py:733: FutureWarning: is_categorical is deprecated and will be removed in a future version.  Use is_categorical_dtype instead
  is_cat = pd.api.types.is_categorical(bins["chrom"])

INFO:cooler.create:Creating cooler at "test1.balance.mcool::/resolutions/25000"
INFO:cooler.create:Writing chroms
INFO:cooler.create:Writing bins
INFO:cooler.create:Writing pixels
INFO:cooler.reduce:0 10766
INFO:cooler.create:Writing indexes
INFO:cooler.create:Writing info
INFO:cooler.reduce:Aggregating from 10000 to 40000.
WARNING:py.warnings:/public/home/luzhang/miniconda3/lib/python3.8/site-packages/cooler/util.py:733: FutureWarning: is_categorical is deprecated and will be removed in a future version.  Use is_categorical_dtype instead
  is_cat = pd.api.types.is_categorical(bins["chrom"])

INFO:cooler.create:Creating cooler at "test1.balance.mcool::/resolutions/40000"
INFO:cooler.create:Writing chroms
INFO:cooler.create:Writing bins
INFO:cooler.create:Writing pixels
INFO:cooler.reduce:0 10562
INFO:cooler.create:Writing indexes
INFO:cooler.create:Writing info
INFO:cooler.reduce:Aggregating from 25000 to 100000.
WARNING:py.warnings:/public/home/luzhang/miniconda3/lib/python3.8/site-packages/cooler/util.py:733: FutureWarning: is_categorical is deprecated and will be removed in a future version.  Use is_categorical_dtype instead
  is_cat = pd.api.types.is_categorical(bins["chrom"])

INFO:cooler.create:Creating cooler at "test1.balance.mcool::/resolutions/100000"
INFO:cooler.create:Writing chroms
INFO:cooler.create:Writing bins
INFO:cooler.create:Writing pixels
INFO:cooler.reduce:0 10064
INFO:cooler.create:Writing indexes
INFO:cooler.create:Writing info
INFO:cooler.cli.zoomify:Balancing zoom level with bin size 5000
INFO:cooler.cli.balance:Balancing "test1.balance.mcool::resolutions/5000"
WARNING:py.warnings:/public/home/luzhang/miniconda3/lib/python3.8/site-packages/cooler/balance.py:114: RuntimeWarning: Mean of empty slice.
  scale = nzmarg.mean()

WARNING:py.warnings:/public/home/luzhang/miniconda3/lib/python3.8/site-packages/numpy/core/_methods.py:189: RuntimeWarning: invalid value encountered in double_scalars
  ret = ret.dtype.type(ret / rcount)

INFO:cooler.cli.zoomify:Balancing zoom level with bin size 10000
INFO:cooler.cli.balance:Balancing "test1.balance.mcool::resolutions/10000"
INFO:cooler.cli.zoomify:Balancing zoom level with bin size 25000
INFO:cooler.cli.balance:Balancing "test1.balance.mcool::resolutions/25000"
INFO:cooler.cli.zoomify:Balancing zoom level with bin size 40000
INFO:cooler.cli.balance:Balancing "test1.balance.mcool::resolutions/40000"
INFO:cooler.cli.zoomify:Balancing zoom level with bin size 100000
INFO:cooler.cli.balance:Balancing "test1.balance.mcool::resolutions/100000"
