INFO:cooler.cli.cload:Using 8 cores
WARNING:py.warnings:/public/home/luzhang/miniconda3/lib/python3.8/site-packages/cooler/util.py:733: FutureWarning: is_categorical is deprecated and will be removed in a future version.  Use is_categorical_dtype instead
  is_cat = pd.api.types.is_categorical(bins["chrom"])

INFO:cooler.create:Creating cooler at "test2.cool::/"
INFO:cooler.create:Writing chroms
INFO:cooler.create:Writing bins
INFO:cooler.create:Writing pixels
INFO:cooler.create:Binning chr1:0-124480000|*
INFO:cooler.create:Binning chr1:124480000-248956422|*
INFO:cooler.create:Binning chr2:0-127960000|*
INFO:cooler.create:Binning chr2:127960000-242193529|*
INFO:cooler.create:Binning chr3:0-156285000|*
INFO:cooler.create:Binning chr3:156285000-198295559|*
INFO:cooler.create:Binning chr4:0-162925000|*
INFO:cooler.create:Binning chr4:162925000-190214555|*
INFO:cooler.create:Finished chr4:162925000-190214555|*
INFO:cooler.create:Binning chr5:0-170710000|*
INFO:cooler.create:Finished chr3:156285000-198295559|*
INFO:cooler.create:Binning chr5:170710000-181538259|*
INFO:cooler.create:Finished chr5:170710000-181538259|*
INFO:cooler.create:Binning chr6:0-170805979|*
INFO:cooler.create:Finished chr2:127960000-242193529|*
INFO:cooler.create:Binning chr7:0-159345973|*
INFO:cooler.create:Finished chr2:0-127960000|*
INFO:cooler.create:Binning chr8:0-145138636|*
INFO:cooler.create:Finished chr1:124480000-248956422|*
INFO:cooler.create:Binning chr9:0-138394717|*
INFO:cooler.create:Finished chr1:0-124480000|*
INFO:cooler.create:Binning chr10:0-133797422|*
INFO:cooler.create:Finished chr4:0-162925000|*
INFO:cooler.create:Binning chr11:0-135086622|*
INFO:cooler.create:Finished chr3:0-156285000|*
INFO:cooler.create:Binning chr12:0-133275309|*
INFO:cooler.create:Finished chr5:0-170710000|*
INFO:cooler.create:Binning chr13:0-114364328|*
INFO:cooler.create:Finished chr6:0-170805979|*
INFO:cooler.create:Binning chr14:0-107043718|*
INFO:cooler.create:Finished chr10:0-133797422|*
INFO:cooler.create:Binning chr15:0-101991189|*
INFO:cooler.create:Finished chr13:0-114364328|*
INFO:cooler.create:Binning chr16:0-90338345|*
INFO:cooler.create:Finished chr11:0-135086622|*
INFO:cooler.create:Binning chr17:0-83257441|*
INFO:cooler.create:Finished chr9:0-138394717|*
INFO:cooler.create:Binning chr18:0-80373285|*
INFO:cooler.create:Finished chr12:0-133275309|*
INFO:cooler.create:Binning chr19:0-58617616|*
INFO:cooler.create:Finished chr7:0-159345973|*
INFO:cooler.create:Binning chr20:0-64444167|*
INFO:cooler.create:Finished chr8:0-145138636|*
INFO:cooler.create:Binning chr21:0-46709983|*
INFO:cooler.create:Finished chr14:0-107043718|*
INFO:cooler.create:Binning chr22:0-50818468|*
INFO:cooler.create:Finished chr19:0-58617616|*
INFO:cooler.create:Binning chrX:0-156040895|*
INFO:cooler.create:Finished chr21:0-46709983|*
INFO:cooler.create:Binning chrY:0-57227415|*
INFO:cooler.create:Finished chr18:0-80373285|*
INFO:cooler.create:Finished chr22:0-50818468|*
INFO:cooler.create:Binning chrM:0-16569|*
INFO:cooler.create:Finished chrM:0-16569|*
INFO:cooler.create:Finished chr17:0-83257441|*
INFO:cooler.create:Finished chrY:0-57227415|*
INFO:cooler.create:Finished chr20:0-64444167|*
INFO:cooler.create:Finished chr16:0-90338345|*
INFO:cooler.create:Finished chr15:0-101991189|*
INFO:cooler.create:Finished chrX:0-156040895|*
INFO:cooler.create:Writing indexes
INFO:cooler.create:Writing info
