Multicore support not enabled. Proceeding with single-core trimming.
Path to Cutadapt set as: 'cutadapt' (default)
Cutadapt seems to be working fine (tested command 'cutadapt --version')
Cutadapt version: 3.5
single-core operation.
Writing report to 'test1_R1.fq.gz_trimming_report.txt'

SUMMARISING RUN PARAMETERS
==========================
Input filename: test1_R1.fq.gz
Trimming mode: paired-end
Trim Galore version: 0.6.7
Cutadapt version: 3.5
Number of cores used for trimming: 1
Quality Phred score cutoff: 20
Quality encoding type selected: ASCII+33
Adapter sequence: 'AGATCGGAAGAGC' (Illumina TruSeq, Sanger iPCR; user defined)
Maximum trimming error rate: 0.1 (default)
Minimum required adapter overlap (stringency): 1 bp
Minimum required sequence length for both reads before a sequence pair gets removed: 20 bp
Removing Ns from the start and end of reads
Output file(s) will be GZIP compressed

Cutadapt seems to be fairly up-to-date (version 3.5). Setting -j 1
Writing final adapter and quality trimmed output to test1_R1_trimmed.fq.gz


  >>> Now performing quality (cutoff '-q 20') and adapter trimming in a single pass for the adapter sequence: 'AGATCGGAAGAGC' from file test1_R1.fq.gz <<< 
This is cutadapt 3.5 with Python 3.9.9
Command line parameters: -j 1 -e 0.1 -q 20 -O 1 --trim-n -a AGATCGGAAGAGC test1_R1.fq.gz
Processing reads on 1 core in single-end mode ...
Finished in 1.88 s (38 µs/read; 1.59 M reads/minute).

=== Summary ===

Total reads processed:                  50,000
Reads with adapters:                    17,685 (35.4%)
Reads written (passing filters):        50,000 (100.0%)

Total basepairs processed:     7,500,000 bp
Quality-trimmed:                   9,644 bp (0.1%)
Total written (filtered):      7,465,058 bp (99.5%)

=== Adapter 1 ===

Sequence: AGATCGGAAGAGC; Type: regular 3'; Length: 13; Trimmed: 17685 times

Minimum overlap: 1
No. of allowed errors:
1-9 bp: 0; 10-13 bp: 1

Bases preceding removed adapters:
  A: 32.7%
  C: 29.9%
  G: 18.4%
  T: 19.1%
  none/other: 0.0%

Overview of removed sequences
length	count	expect	max.err	error counts
1	12344	12500.0	0	12344
2	3739	3125.0	0	3739
3	1188	781.2	0	1188
4	356	195.3	0	356
5	50	48.8	0	50
6	3	12.2	0	3
10	2	0.0	1	0 2
11	1	0.0	1	0 1
69	1	0.0	1	0 1
100	1	0.0	1	0 1

RUN STATISTICS FOR INPUT FILE: test1_R1.fq.gz
=============================================
50000 sequences processed in total
The length threshold of paired-end sequences gets evaluated later on (in the validation step)

Writing report to 'test1_R2.fq.gz_trimming_report.txt'

SUMMARISING RUN PARAMETERS
==========================
Input filename: test1_R2.fq.gz
Trimming mode: paired-end
Trim Galore version: 0.6.7
Cutadapt version: 3.5
Number of cores used for trimming: 1
Quality Phred score cutoff: 20
Quality encoding type selected: ASCII+33
Adapter sequence: 'AGATCGGAAGAGC' (Illumina TruSeq, Sanger iPCR; user defined)
Maximum trimming error rate: 0.1 (default)
Minimum required adapter overlap (stringency): 1 bp
Minimum required sequence length for both reads before a sequence pair gets removed: 20 bp
Removing Ns from the start and end of reads
Output file(s) will be GZIP compressed

Cutadapt seems to be fairly up-to-date (version 3.5). Setting -j -j 1
Writing final adapter and quality trimmed output to test1_R2_trimmed.fq.gz


  >>> Now performing quality (cutoff '-q 20') and adapter trimming in a single pass for the adapter sequence: 'AGATCGGAAGAGC' from file test1_R2.fq.gz <<< 
This is cutadapt 3.5 with Python 3.9.9
Command line parameters: -j 1 -e 0.1 -q 20 -O 1 --trim-n -a AGATCGGAAGAGC test1_R2.fq.gz
Processing reads on 1 core in single-end mode ...
Finished in 1.94 s (39 µs/read; 1.54 M reads/minute).

=== Summary ===

Total reads processed:                  50,000
Reads with adapters:                    17,622 (35.2%)
Reads written (passing filters):        50,000 (100.0%)

Total basepairs processed:     7,500,000 bp
Quality-trimmed:                  12,291 bp (0.2%)
Total written (filtered):      7,462,169 bp (99.5%)

=== Adapter 1 ===

Sequence: AGATCGGAAGAGC; Type: regular 3'; Length: 13; Trimmed: 17622 times

Minimum overlap: 1
No. of allowed errors:
1-9 bp: 0; 10-13 bp: 1

Bases preceding removed adapters:
  A: 33.0%
  C: 29.0%
  G: 18.7%
  T: 19.3%
  none/other: 0.0%

Overview of removed sequences
length	count	expect	max.err	error counts
1	12263	12500.0	0	12263
2	3705	3125.0	0	3705
3	1257	781.2	0	1257
4	341	195.3	0	341
5	51	48.8	0	51
6	1	12.2	0	1
19	1	0.0	1	0 1
108	1	0.0	1	0 1
112	1	0.0	1	0 1
139	1	0.0	1	0 1

RUN STATISTICS FOR INPUT FILE: test1_R2.fq.gz
=============================================
50000 sequences processed in total
The length threshold of paired-end sequences gets evaluated later on (in the validation step)

Validate paired-end files test1_R1_trimmed.fq.gz and test1_R2_trimmed.fq.gz
file_1: test1_R1_trimmed.fq.gz, file_2: test1_R2_trimmed.fq.gz


>>>>> Now validing the length of the 2 paired-end infiles: test1_R1_trimmed.fq.gz and test1_R2_trimmed.fq.gz <<<<<
Writing validated paired-end Read 1 reads to test1_R1_val_1.fq.gz
Writing validated paired-end Read 2 reads to test1_R2_val_2.fq.gz

Total number of sequences analysed: 50000

Number of sequence pairs removed because at least one read was shorter than the length cutoff (20 bp): 6 (0.01%)

Deleting both intermediate output files test1_R1_trimmed.fq.gz and test1_R2_trimmed.fq.gz

====================================================================================================

